<?xml version="1.0" encoding="UTF-8" ?>
<testsuites name="vitest tests" tests="16" failures="0" errors="0" time="0.06248425">
    <testsuite name="src/atoms/Button/Button.test.ts" timestamp="2025-09-24T11:52:37.975Z" hostname="MacBook-Pro-tilhrende-Allan.local" tests="16" failures="0" errors="0" skipped="0" time="0.06248425">
        <testcase classname="src/atoms/Button/Button.test.ts" name="Button &gt; Accessibility &gt; meets WCAG 2.1 AA accessibility standards" time="0.046156792">
            <system-err>
Error: Not implemented: HTMLCanvasElement.prototype.getContext (without installing the canvas npm package)
    at module.exports (/Users/allan/repos/projects/haspen-ui/node_modules/jsdom/lib/jsdom/browser/not-implemented.js:9:17)
    at HTMLCanvasElementImpl.getContext (/Users/allan/repos/projects/haspen-ui/node_modules/jsdom/lib/jsdom/living/nodes/HTMLCanvasElement-impl.js:42:5)
    at HTMLCanvasElement.getContext (/Users/allan/repos/projects/haspen-ui/node_modules/jsdom/lib/jsdom/living/generated/HTMLCanvasElement.js:131:58)
    at /Users/allan/repos/projects/haspen-ui/node_modules/axe-core/axe.js:13406:49
    at Object.get (/Users/allan/repos/projects/haspen-ui/node_modules/axe-core/axe.js:7722:23)
    at _isIconLigature (/Users/allan/repos/projects/haspen-ui/node_modules/axe-core/axe.js:13405:41)
    at /Users/allan/repos/projects/haspen-ui/node_modules/axe-core/axe.js:27328:54
    at Array.some (&lt;anonymous&gt;)
    at hasRealTextChildren (/Users/allan/repos/projects/haspen-ui/node_modules/axe-core/axe.js:27327:35)
    at Rule.colorContrastMatches [as matches] (/Users/allan/repos/projects/haspen-ui/node_modules/axe-core/axe.js:27292:12) [90mundefined[39m

            </system-err>
        </testcase>
        <testcase classname="src/atoms/Button/Button.test.ts" name="Button &gt; Accessibility &gt; has proper button semantics" time="0.001912083">
        </testcase>
        <testcase classname="src/atoms/Button/Button.test.ts" name="Button &gt; Accessibility &gt; supports keyboard navigation" time="0.0018275">
        </testcase>
        <testcase classname="src/atoms/Button/Button.test.ts" name="Button &gt; Accessibility &gt; maintains focus visibility" time="0.001359125">
        </testcase>
        <testcase classname="src/atoms/Button/Button.test.ts" name="Button &gt; Accessibility &gt; provides appropriate disabled state" time="0.001435834">
        </testcase>
        <testcase classname="src/atoms/Button/Button.test.ts" name="Button &gt; Accessibility &gt; provides appropriate loading state for screen readers" time="0.001196917">
        </testcase>
        <testcase classname="src/atoms/Button/Button.test.ts" name="Button &gt; Accessibility &gt; maintains accessible text content" time="0.001010166">
        </testcase>
        <testcase classname="src/atoms/Button/Button.test.ts" name="Button &gt; Accessibility &gt; respects reduced motion preferences" time="0.000802167">
        </testcase>
        <testcase classname="src/atoms/Button/Button.test.ts" name="Button &gt; Component Functionality &gt; renders properly" time="0.001049958">
        </testcase>
        <testcase classname="src/atoms/Button/Button.test.ts" name="Button &gt; Component Functionality &gt; applies variant class" time="0.000861459">
        </testcase>
        <testcase classname="src/atoms/Button/Button.test.ts" name="Button &gt; Component Functionality &gt; applies size class" time="0.000641667">
        </testcase>
        <testcase classname="src/atoms/Button/Button.test.ts" name="Button &gt; Component Functionality &gt; shows loader when loading" time="0.000820167">
        </testcase>
        <testcase classname="src/atoms/Button/Button.test.ts" name="Button &gt; Component Functionality &gt; is disabled when disabled prop is true" time="0.000475375">
        </testcase>
        <testcase classname="src/atoms/Button/Button.test.ts" name="Button &gt; Component Functionality &gt; emits click events when enabled" time="0.001199375">
        </testcase>
        <testcase classname="src/atoms/Button/Button.test.ts" name="Button &gt; Component Functionality &gt; does not emit click events when disabled" time="0.000718583">
        </testcase>
        <testcase classname="src/atoms/Button/Button.test.ts" name="Button &gt; Component Functionality &gt; does not emit click events when loading" time="0.000530583">
        </testcase>
    </testsuite>
</testsuites>
