<?xml version="1.0" encoding="UTF-8" ?>
<testsuites name="vitest tests" tests="147" failures="2" errors="0" time="0.883587458">
    <testsuite name="src/utils/error-handling.test.ts" timestamp="2025-09-29T20:28:34.663Z" hostname="Mac.localdomain" tests="22" failures="0" errors="0" skipped="0" time="0.006585333">
        <testcase classname="src/utils/error-handling.test.ts" name="Error Handling Utilities &gt; ComponentError &gt; creates error with context and timestamp" time="0.001062292">
        </testcase>
        <testcase classname="src/utils/error-handling.test.ts" name="Error Handling Utilities &gt; ComponentError &gt; creates error without context" time="0.000254125">
        </testcase>
        <testcase classname="src/utils/error-handling.test.ts" name="Error Handling Utilities &gt; createErrorBoundary &gt; executes function normally when no error occurs" time="0.000381125">
        </testcase>
        <testcase classname="src/utils/error-handling.test.ts" name="Error Handling Utilities &gt; createErrorBoundary &gt; catches errors and calls error handler" time="0.000819166">
        </testcase>
        <testcase classname="src/utils/error-handling.test.ts" name="Error Handling Utilities &gt; createErrorBoundary &gt; executes fallback when error occurs" time="0.000125042">
        </testcase>
        <testcase classname="src/utils/error-handling.test.ts" name="Error Handling Utilities &gt; createErrorBoundary &gt; re-throws critical errors" time="0.000179917">
        </testcase>
        <testcase classname="src/utils/error-handling.test.ts" name="Error Handling Utilities &gt; createErrorBoundary &gt; silences errors when silent option is true" time="0.0001325">
        </testcase>
        <testcase classname="src/utils/error-handling.test.ts" name="Error Handling Utilities &gt; logger &gt; logs warnings in development" time="0.000636708">
        </testcase>
        <testcase classname="src/utils/error-handling.test.ts" name="Error Handling Utilities &gt; logger &gt; does not log in production" time="0.000137917">
        </testcase>
        <testcase classname="src/utils/error-handling.test.ts" name="Error Handling Utilities &gt; logger &gt; creates and logs errors" time="0.000137584">
        </testcase>
        <testcase classname="src/utils/error-handling.test.ts" name="Error Handling Utilities &gt; logger &gt; logs info messages in development" time="0.000252167">
        </testcase>
        <testcase classname="src/utils/error-handling.test.ts" name="Error Handling Utilities &gt; createStorageHandler &gt; gets item from storage successfully" time="0.000171166">
        </testcase>
        <testcase classname="src/utils/error-handling.test.ts" name="Error Handling Utilities &gt; createStorageHandler &gt; returns fallback when storage fails" time="0.000140875">
        </testcase>
        <testcase classname="src/utils/error-handling.test.ts" name="Error Handling Utilities &gt; createStorageHandler &gt; sets item in storage successfully" time="0.000234375">
        </testcase>
        <testcase classname="src/utils/error-handling.test.ts" name="Error Handling Utilities &gt; createStorageHandler &gt; returns false when storage set fails" time="0.000110542">
        </testcase>
        <testcase classname="src/utils/error-handling.test.ts" name="Error Handling Utilities &gt; createStorageHandler &gt; removes item from storage successfully" time="0.000153375">
        </testcase>
        <testcase classname="src/utils/error-handling.test.ts" name="Error Handling Utilities &gt; createStorageHandler &gt; handles missing window object gracefully" time="0.000111667">
        </testcase>
        <testcase classname="src/utils/error-handling.test.ts" name="Error Handling Utilities &gt; createAssetHandler &gt; executes fallback when icon loading fails" time="0.00011025">
        </testcase>
        <testcase classname="src/utils/error-handling.test.ts" name="Error Handling Utilities &gt; createValidationHandler &gt; validates required values successfully" time="0.000097417">
        </testcase>
        <testcase classname="src/utils/error-handling.test.ts" name="Error Handling Utilities &gt; createValidationHandler &gt; throws error for missing required values" time="0.00038775">
        </testcase>
        <testcase classname="src/utils/error-handling.test.ts" name="Error Handling Utilities &gt; createValidationHandler &gt; validates types successfully" time="0.000100875">
        </testcase>
        <testcase classname="src/utils/error-handling.test.ts" name="Error Handling Utilities &gt; createValidationHandler &gt; throws error for incorrect types" time="0.0001605">
        </testcase>
    </testsuite>
    <testsuite name="src/test-utils/contrast-debug.test.ts" timestamp="2025-09-29T20:28:34.665Z" hostname="Mac.localdomain" tests="2" failures="0" errors="0" skipped="0" time="0.002596416">
        <testcase classname="src/test-utils/contrast-debug.test.ts" name="Color Contrast Debug Analysis &gt; analyzes failing light theme colors" time="0.00191025">
            <system-out>
Fixed Light Warning vs Background: {
  colors: [32m&apos;#e65100 on #ffffff&apos;[39m,
  ratio: [33m3.79[39m,
  passes: [33mfalse[39m,
  level: [32m&apos;fail&apos;[39m
}
Fixed Light Border vs Background (large text): {
  colors: [32m&apos;#9e9e9e on #ffffff&apos;[39m,
  ratio: [33m2.68[39m,
  passes: [33mfalse[39m,
  level: [32m&apos;fail&apos;[39m
}
Fixed Light Divider vs Background (large text): {
  colors: [32m&apos;#bdbdbd on #ffffff&apos;[39m,
  ratio: [33m1.88[39m,
  passes: [33mfalse[39m,
  level: [32m&apos;fail&apos;[39m
}
Better Light Warning (#d84315): { ratio: [33m4.44[39m, passes: [33mfalse[39m, level: [32m&apos;fail&apos;[39m }
Better Light Border (#757575): { ratio: [33m4.61[39m, passes: [33mtrue[39m, level: [32m&apos;AAA&apos;[39m }
Better Light Divider (#9e9e9e): { ratio: [33m2.68[39m, passes: [33mfalse[39m, level: [32m&apos;fail&apos;[39m }

            </system-out>
        </testcase>
        <testcase classname="src/test-utils/contrast-debug.test.ts" name="Color Contrast Debug Analysis &gt; analyzes failing dark theme colors" time="0.000277084">
            <system-out>
White on Dark Primary Button: {
  colors: [32m&apos;#ffffff on #42a5f5&apos;[39m,
  ratio: [33m2.65[39m,
  passes: [33mfalse[39m,
  level: [32m&apos;fail&apos;[39m
}
White on Better Dark Primary (#1976d2): { ratio: [33m4.6[39m, passes: [33mtrue[39m, level: [32m&apos;AA&apos;[39m }
White on Even Better Dark Primary (#1565c0): { ratio: [33m5.75[39m, passes: [33mtrue[39m, level: [32m&apos;AA&apos;[39m }

            </system-out>
        </testcase>
    </testsuite>
    <testsuite name="src/test-utils/contrast.test.ts" timestamp="2025-09-29T20:28:34.665Z" hostname="Mac.localdomain" tests="34" failures="0" errors="0" skipped="0" time="0.003644458">
        <testcase classname="src/test-utils/contrast.test.ts" name="Color Contrast Compliance &gt; Light Theme &gt; primary text on background meets AA standards" time="0.000795833">
        </testcase>
        <testcase classname="src/test-utils/contrast.test.ts" name="Color Contrast Compliance &gt; Light Theme &gt; secondary text on background meets AA standards" time="0.000159458">
        </testcase>
        <testcase classname="src/test-utils/contrast.test.ts" name="Color Contrast Compliance &gt; Light Theme &gt; primary color on background meets AA standards" time="0.000150208">
        </testcase>
        <testcase classname="src/test-utils/contrast.test.ts" name="Color Contrast Compliance &gt; Light Theme &gt; error color on background meets AA standards" time="0.00007875">
        </testcase>
        <testcase classname="src/test-utils/contrast.test.ts" name="Color Contrast Compliance &gt; Light Theme &gt; success color on background meets AA standards" time="0.00009875">
        </testcase>
        <testcase classname="src/test-utils/contrast.test.ts" name="Color Contrast Compliance &gt; Light Theme &gt; warning color on background has acceptable contrast" time="0.000080875">
        </testcase>
        <testcase classname="src/test-utils/contrast.test.ts" name="Color Contrast Compliance &gt; Light Theme &gt; info color on background meets AA standards" time="0.00005375">
        </testcase>
        <testcase classname="src/test-utils/contrast.test.ts" name="Color Contrast Compliance &gt; Light Theme &gt; white text on primary background meets AA standards" time="0.000046459">
        </testcase>
        <testcase classname="src/test-utils/contrast.test.ts" name="Color Contrast Compliance &gt; Light Theme &gt; text on surface background meets AA standards" time="0.000092917">
        </testcase>
        <testcase classname="src/test-utils/contrast.test.ts" name="Color Contrast Compliance &gt; Dark Theme &gt; primary text on background meets AA standards" time="0.000067334">
        </testcase>
        <testcase classname="src/test-utils/contrast.test.ts" name="Color Contrast Compliance &gt; Dark Theme &gt; secondary text on background meets AA standards" time="0.00009325">
        </testcase>
        <testcase classname="src/test-utils/contrast.test.ts" name="Color Contrast Compliance &gt; Dark Theme &gt; primary color is optimized for button backgrounds" time="0.000040834">
        </testcase>
        <testcase classname="src/test-utils/contrast.test.ts" name="Color Contrast Compliance &gt; Dark Theme &gt; error color on background meets AA standards" time="0.0000445">
        </testcase>
        <testcase classname="src/test-utils/contrast.test.ts" name="Color Contrast Compliance &gt; Dark Theme &gt; success color on background meets AA standards" time="0.000267166">
        </testcase>
        <testcase classname="src/test-utils/contrast.test.ts" name="Color Contrast Compliance &gt; Dark Theme &gt; warning color on background meets AA standards" time="0.000059959">
        </testcase>
        <testcase classname="src/test-utils/contrast.test.ts" name="Color Contrast Compliance &gt; Dark Theme &gt; info color on background meets AA standards" time="0.000091625">
        </testcase>
        <testcase classname="src/test-utils/contrast.test.ts" name="Color Contrast Compliance &gt; Dark Theme &gt; white text on primary background meets AA standards" time="0.00004775">
        </testcase>
        <testcase classname="src/test-utils/contrast.test.ts" name="Color Contrast Compliance &gt; Dark Theme &gt; text on surface background meets AA standards" time="0.000039625">
        </testcase>
        <testcase classname="src/test-utils/contrast.test.ts" name="Color Contrast Compliance &gt; Large Text Compliance (3:1 ratio) &gt; light theme border color has strong contrast" time="0.000035583">
        </testcase>
        <testcase classname="src/test-utils/contrast.test.ts" name="Color Contrast Compliance &gt; Large Text Compliance (3:1 ratio) &gt; dark theme border color meets large text AA standards" time="0.000032583">
        </testcase>
        <testcase classname="src/test-utils/contrast.test.ts" name="Color Contrast Compliance &gt; Large Text Compliance (3:1 ratio) &gt; light theme divider color has reasonable contrast" time="0.000031833">
        </testcase>
        <testcase classname="src/test-utils/contrast.test.ts" name="Color Contrast Compliance &gt; Large Text Compliance (3:1 ratio) &gt; dark theme divider color meets large text AA standards" time="0.000030334">
        </testcase>
        <testcase classname="src/test-utils/contrast.test.ts" name="Color Contrast Compliance &gt; Cross-Theme Validation &gt; validates light theme primary against common backgrounds" time="0.00003675">
        </testcase>
        <testcase classname="src/test-utils/contrast.test.ts" name="Color Contrast Compliance &gt; Cross-Theme Validation &gt; validates dark theme primary for button use cases" time="0.000043583">
        </testcase>
        <testcase classname="src/test-utils/contrast.test.ts" name="Color Contrast Compliance &gt; Edge Cases and Boundary Testing &gt; validates minimum AA contrast ratios" time="0.000031459">
        </testcase>
        <testcase classname="src/test-utils/contrast.test.ts" name="Color Contrast Compliance &gt; Edge Cases and Boundary Testing &gt; validates AAA contrast requirements" time="0.000030959">
        </testcase>
        <testcase classname="src/test-utils/contrast.test.ts" name="Color Contrast Compliance &gt; Edge Cases and Boundary Testing &gt; fails insufficient contrast combinations" time="0.000037791">
        </testcase>
        <testcase classname="src/test-utils/contrast.test.ts" name="Color Contrast Compliance &gt; Real-world Component Combinations &gt; validates button text combinations" time="0.000032459">
        </testcase>
        <testcase classname="src/test-utils/contrast.test.ts" name="Color Contrast Compliance &gt; Real-world Component Combinations &gt; validates form element combinations" time="0.000047625">
        </testcase>
        <testcase classname="src/test-utils/contrast.test.ts" name="Color Contrast Compliance &gt; Real-world Component Combinations &gt; validates status indicator combinations" time="0.000051">
        </testcase>
        <testcase classname="src/test-utils/contrast.test.ts" name="Color Utility Functions &gt; correctly calculates high contrast ratios" time="0.000052542">
        </testcase>
        <testcase classname="src/test-utils/contrast.test.ts" name="Color Utility Functions &gt; correctly calculates medium contrast ratios" time="0.000029084">
        </testcase>
        <testcase classname="src/test-utils/contrast.test.ts" name="Color Utility Functions &gt; handles hex color variations" time="0.000025541">
        </testcase>
        <testcase classname="src/test-utils/contrast.test.ts" name="Color Utility Functions &gt; distinguishes between normal and large text thresholds" time="0.000029708">
        </testcase>
    </testsuite>
    <testsuite name="src/atoms/Button/Button.test.ts" timestamp="2025-09-29T20:28:34.667Z" hostname="Mac.localdomain" tests="16" failures="0" errors="0" skipped="0" time="0.067268875">
        <testcase classname="src/atoms/Button/Button.test.ts" name="Button &gt; Accessibility &gt; meets WCAG 2.1 AA accessibility standards" time="0.045927417">
        </testcase>
        <testcase classname="src/atoms/Button/Button.test.ts" name="Button &gt; Accessibility &gt; has proper button semantics" time="0.001930125">
        </testcase>
        <testcase classname="src/atoms/Button/Button.test.ts" name="Button &gt; Accessibility &gt; supports keyboard navigation" time="0.001830959">
        </testcase>
        <testcase classname="src/atoms/Button/Button.test.ts" name="Button &gt; Accessibility &gt; maintains focus visibility" time="0.001127667">
        </testcase>
        <testcase classname="src/atoms/Button/Button.test.ts" name="Button &gt; Accessibility &gt; provides appropriate disabled state" time="0.002177541">
        </testcase>
        <testcase classname="src/atoms/Button/Button.test.ts" name="Button &gt; Accessibility &gt; provides appropriate loading state for screen readers" time="0.001187416">
        </testcase>
        <testcase classname="src/atoms/Button/Button.test.ts" name="Button &gt; Accessibility &gt; maintains accessible text content" time="0.001001875">
        </testcase>
        <testcase classname="src/atoms/Button/Button.test.ts" name="Button &gt; Accessibility &gt; respects reduced motion preferences" time="0.000813833">
        </testcase>
        <testcase classname="src/atoms/Button/Button.test.ts" name="Button &gt; Component Functionality &gt; renders properly" time="0.001194167">
        </testcase>
        <testcase classname="src/atoms/Button/Button.test.ts" name="Button &gt; Component Functionality &gt; applies variant class" time="0.00095625">
        </testcase>
        <testcase classname="src/atoms/Button/Button.test.ts" name="Button &gt; Component Functionality &gt; applies size class" time="0.000685375">
        </testcase>
        <testcase classname="src/atoms/Button/Button.test.ts" name="Button &gt; Component Functionality &gt; shows loader when loading" time="0.002407583">
        </testcase>
        <testcase classname="src/atoms/Button/Button.test.ts" name="Button &gt; Component Functionality &gt; is disabled when disabled prop is true" time="0.000685709">
        </testcase>
        <testcase classname="src/atoms/Button/Button.test.ts" name="Button &gt; Component Functionality &gt; emits click events when enabled" time="0.003254875">
        </testcase>
        <testcase classname="src/atoms/Button/Button.test.ts" name="Button &gt; Component Functionality &gt; does not emit click events when disabled" time="0.000945">
        </testcase>
        <testcase classname="src/atoms/Button/Button.test.ts" name="Button &gt; Component Functionality &gt; does not emit click events when loading" time="0.000613458">
        </testcase>
    </testsuite>
    <testsuite name="src/atoms/Icon/Icon.test.ts" timestamp="2025-09-29T20:28:34.668Z" hostname="Mac.localdomain" tests="9" failures="0" errors="0" skipped="0" time="0.069242667">
        <testcase classname="src/atoms/Icon/Icon.test.ts" name="Icon (Simplified) &gt; Accessibility &gt; meets WCAG 2.1 AA accessibility standards" time="0.048331333">
            <system-err>
[Vue warn]: Vue received a Component that was made a reactive object. This can lead to unnecessary performance overhead and should be avoided by marking the component with `markRaw` or using `shallowRef` instead of `ref`. 
Component that was made reactive:  {
  name: [32m&apos;TestIcon&apos;[39m,
  props: [ [32m&apos;size&apos;[39m, [32m&apos;ariaHidden&apos;[39m, [32m&apos;ariaLabel&apos;[39m ],
  template: [32m&apos;&lt;svg :width=&quot;size&quot; :height=&quot;size&quot; class=&quot;test-icon&quot; :aria-hidden=&quot;ariaHidden&quot; :aria-label=&quot;ariaLabel&quot;&gt;&lt;circle /&gt;&lt;/svg&gt;&apos;[39m
} 
  at &lt;Icon name=&quot;test&quot; size=24 aria-label=&quot;Test icon&quot; &gt; 
  at &lt;IconProvider icons= {
  test: {
    name: [32m&apos;TestIcon&apos;[39m,
    props: [ [32m&apos;size&apos;[39m, [32m&apos;ariaHidden&apos;[39m, [32m&apos;ariaLabel&apos;[39m ],
    template: [32m&apos;&lt;svg :width=&quot;size&quot; :height=&quot;size&quot; class=&quot;test-icon&quot; :aria-hidden=&quot;ariaHidden&quot; :aria-label=&quot;ariaLabel&quot;&gt;&lt;circle /&gt;&lt;/svg&gt;&apos;[39m
  }
} ref=&quot;VTU_COMPONENT&quot; &gt; 
  at &lt;VTUROOT&gt;

            </system-err>
        </testcase>
        <testcase classname="src/atoms/Icon/Icon.test.ts" name="Icon (Simplified) &gt; Accessibility &gt; provides appropriate ARIA attributes for decorative icons" time="0.00368875">
            <system-err>
[Vue warn]: Vue received a Component that was made a reactive object. This can lead to unnecessary performance overhead and should be avoided by marking the component with `markRaw` or using `shallowRef` instead of `ref`. 
Component that was made reactive:  {
  name: [32m&apos;TestIcon&apos;[39m,
  props: [ [32m&apos;size&apos;[39m, [32m&apos;ariaHidden&apos;[39m, [32m&apos;ariaLabel&apos;[39m ],
  template: [32m&apos;&lt;svg :width=&quot;size&quot; :height=&quot;size&quot; class=&quot;test-icon&quot; :aria-hidden=&quot;ariaHidden&quot; :aria-label=&quot;ariaLabel&quot;&gt;&lt;circle /&gt;&lt;/svg&gt;&apos;[39m,
  render: [Function: render] { _rc: [33mtrue[39m }
} 
  at &lt;Icon name=&quot;test&quot; size=24 aria-hidden=true &gt; 
  at &lt;IconProvider icons= {
  test: {
    name: [32m&apos;TestIcon&apos;[39m,
    props: [ [32m&apos;size&apos;[39m, [32m&apos;ariaHidden&apos;[39m, [32m&apos;ariaLabel&apos;[39m ],
    template: [32m&apos;&lt;svg :width=&quot;size&quot; :height=&quot;size&quot; class=&quot;test-icon&quot; :aria-hidden=&quot;ariaHidden&quot; :aria-label=&quot;ariaLabel&quot;&gt;&lt;circle /&gt;&lt;/svg&gt;&apos;[39m,
    render: [Function: render] { _rc: [33mtrue[39m }
  }
} ref=&quot;VTU_COMPONENT&quot; &gt; 
  at &lt;VTUROOT&gt;

            </system-err>
        </testcase>
        <testcase classname="src/atoms/Icon/Icon.test.ts" name="Icon (Simplified) &gt; Accessibility &gt; provides appropriate ARIA label for informative icons" time="0.002955459">
            <system-err>
[Vue warn]: Vue received a Component that was made a reactive object. This can lead to unnecessary performance overhead and should be avoided by marking the component with `markRaw` or using `shallowRef` instead of `ref`. 
Component that was made reactive:  {
  name: [32m&apos;TestIcon&apos;[39m,
  props: [ [32m&apos;size&apos;[39m, [32m&apos;ariaHidden&apos;[39m, [32m&apos;ariaLabel&apos;[39m ],
  template: [32m&apos;&lt;svg :width=&quot;size&quot; :height=&quot;size&quot; class=&quot;test-icon&quot; :aria-hidden=&quot;ariaHidden&quot; :aria-label=&quot;ariaLabel&quot;&gt;&lt;circle /&gt;&lt;/svg&gt;&apos;[39m,
  render: [Function: render] { _rc: [33mtrue[39m }
} 
  at &lt;Icon name=&quot;test&quot; size=24 aria-label=&quot;Important information&quot; &gt; 
  at &lt;IconProvider icons= {
  test: {
    name: [32m&apos;TestIcon&apos;[39m,
    props: [ [32m&apos;size&apos;[39m, [32m&apos;ariaHidden&apos;[39m, [32m&apos;ariaLabel&apos;[39m ],
    template: [32m&apos;&lt;svg :width=&quot;size&quot; :height=&quot;size&quot; class=&quot;test-icon&quot; :aria-hidden=&quot;ariaHidden&quot; :aria-label=&quot;ariaLabel&quot;&gt;&lt;circle /&gt;&lt;/svg&gt;&apos;[39m,
    render: [Function: render] { _rc: [33mtrue[39m }
  }
} ref=&quot;VTU_COMPONENT&quot; &gt; 
  at &lt;VTUROOT&gt;

            </system-err>
        </testcase>
        <testcase classname="src/atoms/Icon/Icon.test.ts" name="Icon (Simplified) &gt; Accessibility &gt; defaults to decorative when no aria-label provided" time="0.002789584">
            <system-err>
[Vue warn]: Vue received a Component that was made a reactive object. This can lead to unnecessary performance overhead and should be avoided by marking the component with `markRaw` or using `shallowRef` instead of `ref`. 
Component that was made reactive:  {
  name: [32m&apos;TestIcon&apos;[39m,
  props: [ [32m&apos;size&apos;[39m, [32m&apos;ariaHidden&apos;[39m, [32m&apos;ariaLabel&apos;[39m ],
  template: [32m&apos;&lt;svg :width=&quot;size&quot; :height=&quot;size&quot; class=&quot;test-icon&quot; :aria-hidden=&quot;ariaHidden&quot; :aria-label=&quot;ariaLabel&quot;&gt;&lt;circle /&gt;&lt;/svg&gt;&apos;[39m,
  render: [Function: render] { _rc: [33mtrue[39m }
} 
  at &lt;Icon name=&quot;test&quot; size=24 &gt; 
  at &lt;IconProvider icons= {
  test: {
    name: [32m&apos;TestIcon&apos;[39m,
    props: [ [32m&apos;size&apos;[39m, [32m&apos;ariaHidden&apos;[39m, [32m&apos;ariaLabel&apos;[39m ],
    template: [32m&apos;&lt;svg :width=&quot;size&quot; :height=&quot;size&quot; class=&quot;test-icon&quot; :aria-hidden=&quot;ariaHidden&quot; :aria-label=&quot;ariaLabel&quot;&gt;&lt;circle /&gt;&lt;/svg&gt;&apos;[39m,
    render: [Function: render] { _rc: [33mtrue[39m }
  }
} ref=&quot;VTU_COMPONENT&quot; &gt; 
  at &lt;VTUROOT&gt;

            </system-err>
        </testcase>
        <testcase classname="src/atoms/Icon/Icon.test.ts" name="Icon (Simplified) &gt; renders custom icon from provider" time="0.002496875">
            <system-err>
[Vue warn]: Vue received a Component that was made a reactive object. This can lead to unnecessary performance overhead and should be avoided by marking the component with `markRaw` or using `shallowRef` instead of `ref`. 
Component that was made reactive:  {
  name: [32m&apos;TestIcon&apos;[39m,
  props: [ [32m&apos;size&apos;[39m, [32m&apos;ariaHidden&apos;[39m, [32m&apos;ariaLabel&apos;[39m ],
  template: [32m&apos;&lt;svg :width=&quot;size&quot; :height=&quot;size&quot; class=&quot;test-icon&quot; :aria-hidden=&quot;ariaHidden&quot; :aria-label=&quot;ariaLabel&quot;&gt;&lt;circle /&gt;&lt;/svg&gt;&apos;[39m,
  render: [Function: render] { _rc: [33mtrue[39m }
} 
  at &lt;Icon name=&quot;test&quot; size=24 &gt; 
  at &lt;IconProvider icons= {
  test: {
    name: [32m&apos;TestIcon&apos;[39m,
    props: [ [32m&apos;size&apos;[39m, [32m&apos;ariaHidden&apos;[39m, [32m&apos;ariaLabel&apos;[39m ],
    template: [32m&apos;&lt;svg :width=&quot;size&quot; :height=&quot;size&quot; class=&quot;test-icon&quot; :aria-hidden=&quot;ariaHidden&quot; :aria-label=&quot;ariaLabel&quot;&gt;&lt;circle /&gt;&lt;/svg&gt;&apos;[39m,
    render: [Function: render] { _rc: [33mtrue[39m }
  }
} ref=&quot;VTU_COMPONENT&quot; &gt; 
  at &lt;VTUROOT&gt;

            </system-err>
        </testcase>
        <testcase classname="src/atoms/Icon/Icon.test.ts" name="Icon (Simplified) &gt; warns when icon not found using structured logging" time="0.002330917">
        </testcase>
        <testcase classname="src/atoms/Icon/Icon.test.ts" name="Icon (Simplified) &gt; applies CSS classes" time="0.002158792">
            <system-err>
[Vue warn]: Vue received a Component that was made a reactive object. This can lead to unnecessary performance overhead and should be avoided by marking the component with `markRaw` or using `shallowRef` instead of `ref`. 
Component that was made reactive:  {
  name: [32m&apos;TestIcon&apos;[39m,
  props: [ [32m&apos;size&apos;[39m, [32m&apos;ariaHidden&apos;[39m, [32m&apos;ariaLabel&apos;[39m ],
  template: [32m&apos;&lt;svg :width=&quot;size&quot; :height=&quot;size&quot; class=&quot;test-icon&quot; :aria-hidden=&quot;ariaHidden&quot; :aria-label=&quot;ariaLabel&quot;&gt;&lt;circle /&gt;&lt;/svg&gt;&apos;[39m,
  render: [Function: render] { _rc: [33mtrue[39m }
} 
  at &lt;Icon name=&quot;test&quot; &gt; 
  at &lt;IconProvider icons= {
  test: {
    name: [32m&apos;TestIcon&apos;[39m,
    props: [ [32m&apos;size&apos;[39m, [32m&apos;ariaHidden&apos;[39m, [32m&apos;ariaLabel&apos;[39m ],
    template: [32m&apos;&lt;svg :width=&quot;size&quot; :height=&quot;size&quot; class=&quot;test-icon&quot; :aria-hidden=&quot;ariaHidden&quot; :aria-label=&quot;ariaLabel&quot;&gt;&lt;circle /&gt;&lt;/svg&gt;&apos;[39m,
    render: [Function: render] { _rc: [33mtrue[39m }
  }
} prefix=&quot;my-prefix&quot; ref=&quot;VTU_COMPONENT&quot; &gt; 
  at &lt;VTUROOT&gt;

            </system-err>
        </testcase>
        <testcase classname="src/atoms/Icon/Icon.test.ts" name="Icon (Simplified) &gt; passes props to icon component" time="0.002867541">
            <system-err>
[Vue warn]: Vue received a Component that was made a reactive object. This can lead to unnecessary performance overhead and should be avoided by marking the component with `markRaw` or using `shallowRef` instead of `ref`. 
Component that was made reactive:  {
  name: [32m&apos;TestIcon&apos;[39m,
  props: [ [32m&apos;size&apos;[39m, [32m&apos;ariaHidden&apos;[39m, [32m&apos;ariaLabel&apos;[39m ],
  template: [32m&apos;&lt;svg :width=&quot;size&quot; :height=&quot;size&quot; class=&quot;test-icon&quot; :aria-hidden=&quot;ariaHidden&quot; :aria-label=&quot;ariaLabel&quot;&gt;&lt;circle /&gt;&lt;/svg&gt;&apos;[39m,
  render: [Function: render] { _rc: [33mtrue[39m }
} 
  at &lt;Icon name=&quot;test&quot; size=32 aria-label=&quot;Test Icon&quot; &gt; 
  at &lt;IconProvider icons= {
  test: {
    name: [32m&apos;TestIcon&apos;[39m,
    props: [ [32m&apos;size&apos;[39m, [32m&apos;ariaHidden&apos;[39m, [32m&apos;ariaLabel&apos;[39m ],
    template: [32m&apos;&lt;svg :width=&quot;size&quot; :height=&quot;size&quot; class=&quot;test-icon&quot; :aria-hidden=&quot;ariaHidden&quot; :aria-label=&quot;ariaLabel&quot;&gt;&lt;circle /&gt;&lt;/svg&gt;&apos;[39m,
    render: [Function: render] { _rc: [33mtrue[39m }
  }
} ref=&quot;VTU_COMPONENT&quot; &gt; 
  at &lt;VTUROOT&gt;

            </system-err>
        </testcase>
        <testcase classname="src/atoms/Icon/Icon.test.ts" name="Icon (Simplified) &gt; works without provider using defaults" time="0.000908625">
        </testcase>
    </testsuite>
    <testsuite name="src/atoms/Icon/IconProvider.test.ts" timestamp="2025-09-29T20:28:34.669Z" hostname="Mac.localdomain" tests="6" failures="0" errors="0" skipped="0" time="0.018591042">
        <testcase classname="src/atoms/Icon/IconProvider.test.ts" name="IconProvider &gt; renders correctly with slot content" time="0.011725708">
        </testcase>
        <testcase classname="src/atoms/Icon/IconProvider.test.ts" name="IconProvider &gt; provides icon configuration to child components" time="0.001726042">
        </testcase>
        <testcase classname="src/atoms/Icon/IconProvider.test.ts" name="IconProvider &gt; applies default props correctly" time="0.000601083">
        </testcase>
        <testcase classname="src/atoms/Icon/IconProvider.test.ts" name="IconProvider &gt; passes prefix prop to provide" time="0.001449959">
        </testcase>
        <testcase classname="src/atoms/Icon/IconProvider.test.ts" name="IconProvider &gt; passes defaultSize prop to provide" time="0.001115708">
        </testcase>
        <testcase classname="src/atoms/Icon/IconProvider.test.ts" name="IconProvider &gt; handles multiple nested providers correctly" time="0.001531292">
        </testcase>
    </testsuite>
    <testsuite name="src/atoms/Icon/MoonIcon.test.ts" timestamp="2025-09-29T20:28:34.669Z" hostname="Mac.localdomain" tests="6" failures="0" errors="0" skipped="0" time="0.015757292">
        <testcase classname="src/atoms/Icon/MoonIcon.test.ts" name="MoonIcon &gt; renders correctly" time="0.009306958">
        </testcase>
        <testcase classname="src/atoms/Icon/MoonIcon.test.ts" name="MoonIcon &gt; applies size prop correctly" time="0.001798958">
        </testcase>
        <testcase classname="src/atoms/Icon/MoonIcon.test.ts" name="MoonIcon &gt; applies default size when no size prop provided" time="0.000985125">
        </testcase>
        <testcase classname="src/atoms/Icon/MoonIcon.test.ts" name="MoonIcon &gt; applies custom class when provided" time="0.001297291">
        </testcase>
        <testcase classname="src/atoms/Icon/MoonIcon.test.ts" name="MoonIcon &gt; has proper accessibility attributes" time="0.00096125">
        </testcase>
        <testcase classname="src/atoms/Icon/MoonIcon.test.ts" name="MoonIcon &gt; renders all required SVG paths" time="0.000845542">
        </testcase>
    </testsuite>
    <testsuite name="src/atoms/Icon/SunIcon.test.ts" timestamp="2025-09-29T20:28:34.669Z" hostname="Mac.localdomain" tests="6" failures="0" errors="0" skipped="0" time="0.016078">
        <testcase classname="src/atoms/Icon/SunIcon.test.ts" name="SunIcon &gt; renders correctly" time="0.009561542">
        </testcase>
        <testcase classname="src/atoms/Icon/SunIcon.test.ts" name="SunIcon &gt; applies size prop correctly" time="0.001554375">
        </testcase>
        <testcase classname="src/atoms/Icon/SunIcon.test.ts" name="SunIcon &gt; applies default size when no size prop provided" time="0.000850625">
        </testcase>
        <testcase classname="src/atoms/Icon/SunIcon.test.ts" name="SunIcon &gt; applies custom class when provided" time="0.001347625">
        </testcase>
        <testcase classname="src/atoms/Icon/SunIcon.test.ts" name="SunIcon &gt; has proper accessibility attributes" time="0.001199625">
        </testcase>
        <testcase classname="src/atoms/Icon/SunIcon.test.ts" name="SunIcon &gt; renders all required SVG paths" time="0.001076875">
        </testcase>
    </testsuite>
    <testsuite name="src/atoms/ThemeToggle/ThemeToggle.test.ts" timestamp="2025-09-29T20:28:34.670Z" hostname="Mac.localdomain" tests="28" failures="0" errors="0" skipped="0" time="0.556240625">
        <testcase classname="src/atoms/ThemeToggle/ThemeToggle.test.ts" name="ThemeToggle &gt; Rendering &gt; renders with default props" time="0.011738709">
        </testcase>
        <testcase classname="src/atoms/ThemeToggle/ThemeToggle.test.ts" name="ThemeToggle &gt; Rendering &gt; renders with custom variant and size" time="0.002274333">
        </testcase>
        <testcase classname="src/atoms/ThemeToggle/ThemeToggle.test.ts" name="ThemeToggle &gt; Rendering &gt; renders with label when showLabel is true" time="0.001920833">
        </testcase>
        <testcase classname="src/atoms/ThemeToggle/ThemeToggle.test.ts" name="ThemeToggle &gt; Rendering &gt; renders custom labels" time="0.001403334">
        </testcase>
        <testcase classname="src/atoms/ThemeToggle/ThemeToggle.test.ts" name="ThemeToggle &gt; Rendering &gt; shows dark label when theme is dark" time="0.005519791">
        </testcase>
        <testcase classname="src/atoms/ThemeToggle/ThemeToggle.test.ts" name="ThemeToggle &gt; States &gt; applies disabled class when disabled" time="0.004196917">
        </testcase>
        <testcase classname="src/atoms/ThemeToggle/ThemeToggle.test.ts" name="ThemeToggle &gt; States &gt; does not have loading state (removed for performance)" time="0.001015083">
        </testcase>
        <testcase classname="src/atoms/ThemeToggle/ThemeToggle.test.ts" name="ThemeToggle &gt; Accessibility &gt; meets WCAG 2.1 AA accessibility standards" time="0.0414485">
        </testcase>
        <testcase classname="src/atoms/ThemeToggle/ThemeToggle.test.ts" name="ThemeToggle &gt; Accessibility &gt; has proper ARIA attributes" time="0.001509208">
        </testcase>
        <testcase classname="src/atoms/ThemeToggle/ThemeToggle.test.ts" name="ThemeToggle &gt; Accessibility &gt; updates aria-pressed based on theme state" time="0.007277125">
        </testcase>
        <testcase classname="src/atoms/ThemeToggle/ThemeToggle.test.ts" name="ThemeToggle &gt; Accessibility &gt; uses custom aria label" time="0.005237">
        </testcase>
        <testcase classname="src/atoms/ThemeToggle/ThemeToggle.test.ts" name="ThemeToggle &gt; Accessibility &gt; updates aria label based on current mode" time="0.008577083">
        </testcase>
        <testcase classname="src/atoms/ThemeToggle/ThemeToggle.test.ts" name="ThemeToggle &gt; Accessibility &gt; supports keyboard navigation" time="0.004296625">
        </testcase>
        <testcase classname="src/atoms/ThemeToggle/ThemeToggle.test.ts" name="ThemeToggle &gt; Accessibility &gt; maintains focus management during state changes" time="0.001370334">
        </testcase>
        <testcase classname="src/atoms/ThemeToggle/ThemeToggle.test.ts" name="ThemeToggle &gt; Accessibility &gt; provides clear state indication for screen readers" time="0.001426">
        </testcase>
        <testcase classname="src/atoms/ThemeToggle/ThemeToggle.test.ts" name="ThemeToggle &gt; Accessibility &gt; respects reduced motion preferences" time="0.001592083">
        </testcase>
        <testcase classname="src/atoms/ThemeToggle/ThemeToggle.test.ts" name="ThemeToggle &gt; Accessibility &gt; supports high contrast mode" time="0.001627458">
        </testcase>
        <testcase classname="src/atoms/ThemeToggle/ThemeToggle.test.ts" name="ThemeToggle &gt; Accessibility &gt; maintains accessibility when disabled" time="0.000781833">
        </testcase>
        <testcase classname="src/atoms/ThemeToggle/ThemeToggle.test.ts" name="ThemeToggle &gt; Accessibility &gt; maintains accessibility (no loading state)" time="0.000670792">
        </testcase>
        <testcase classname="src/atoms/ThemeToggle/ThemeToggle.test.ts" name="ThemeToggle &gt; Theme Integration &gt; does not call toggleMode when disabled" time="0.000684166">
        </testcase>
        <testcase classname="src/atoms/ThemeToggle/ThemeToggle.test.ts" name="ThemeToggle &gt; Theme Integration &gt; responds instantly when clicked (no loading state)" time="0.000946042">
        </testcase>
        <testcase classname="src/atoms/ThemeToggle/ThemeToggle.test.ts" name="ThemeToggle &gt; Events &gt; emits toggle event with current state" time="0.206079292">
        </testcase>
        <testcase classname="src/atoms/ThemeToggle/ThemeToggle.test.ts" name="ThemeToggle &gt; Events &gt; emits change event with mode" time="0.204576917">
        </testcase>
        <testcase classname="src/atoms/ThemeToggle/ThemeToggle.test.ts" name="ThemeToggle &gt; Icons &gt; shows sun icon in light mode" time="0.001338625">
        </testcase>
        <testcase classname="src/atoms/ThemeToggle/ThemeToggle.test.ts" name="ThemeToggle &gt; Icons &gt; shows moon icon in dark mode" time="0.008423667">
        </testcase>
        <testcase classname="src/atoms/ThemeToggle/ThemeToggle.test.ts" name="ThemeToggle &gt; Thumb Position &gt; positions thumb correctly for light mode" time="0.006983667">
        </testcase>
        <testcase classname="src/atoms/ThemeToggle/ThemeToggle.test.ts" name="ThemeToggle &gt; Thumb Position &gt; positions thumb correctly for dark mode" time="0.009249083">
        </testcase>
        <testcase classname="src/atoms/ThemeToggle/ThemeToggle.test.ts" name="ThemeToggle &gt; Thumb Position &gt; adjusts thumb position for different sizes" time="0.012606333">
        </testcase>
    </testsuite>
    <testsuite name="src/molecules/ThemeProvider/ThemeProvider.test.ts" timestamp="2025-09-29T20:28:34.671Z" hostname="Mac.localdomain" tests="18" failures="2" errors="0" skipped="0" time="0.12758275">
        <testcase classname="src/molecules/ThemeProvider/ThemeProvider.test.ts" name="ThemeProvider &gt; Component Rendering &gt; renders with default props" time="0.015612792">
        </testcase>
        <testcase classname="src/molecules/ThemeProvider/ThemeProvider.test.ts" name="ThemeProvider &gt; Component Rendering &gt; applies correct CSS classes based on props" time="0.003484333">
        </testcase>
        <testcase classname="src/molecules/ThemeProvider/ThemeProvider.test.ts" name="ThemeProvider &gt; Component Rendering &gt; sets data-theme attribute" time="0.001919416">
        </testcase>
        <testcase classname="src/molecules/ThemeProvider/ThemeProvider.test.ts" name="ThemeProvider &gt; Theme Context &gt; provides theme context to child components" time="0.00928375">
        </testcase>
        <testcase classname="src/molecules/ThemeProvider/ThemeProvider.test.ts" name="ThemeProvider &gt; Theme Context &gt; updates theme context when mode changes" time="0.006938708">
        </testcase>
        <testcase classname="src/molecules/ThemeProvider/ThemeProvider.test.ts" name="ThemeProvider &gt; Theme Context &gt; provides fallback theme when called outside ThemeProvider" time="0.001935625">
            <system-err>
[Vue warn]: injection &quot;Symbol(haspen-ui-theme)&quot; not found. 
  at &lt;Anonymous ref=&quot;VTU_COMPONENT&quot; &gt; 
  at &lt;VTUROOT&gt;
[useTheme] ThemeProvider not found. Using fallback theme. For full functionality, wrap your app with &lt;ThemeProvider&gt;.

            </system-err>
        </testcase>
        <testcase classname="src/molecules/ThemeProvider/ThemeProvider.test.ts" name="ThemeProvider &gt; Theme Mode Management &gt; allows setting theme mode via context" time="0.002403792">
        </testcase>
        <testcase classname="src/molecules/ThemeProvider/ThemeProvider.test.ts" name="ThemeProvider &gt; Theme Mode Management &gt; toggles between light and dark modes" time="0.002888459">
        </testcase>
        <testcase classname="src/molecules/ThemeProvider/ThemeProvider.test.ts" name="ThemeProvider &gt; Theme Mode Management &gt; handles auto mode with system preference" time="0.0012925">
        </testcase>
        <testcase classname="src/molecules/ThemeProvider/ThemeProvider.test.ts" name="ThemeProvider &gt; Persistence &gt; saves theme mode to localStorage when persistMode is true" time="0.001911834">
        </testcase>
        <testcase classname="src/molecules/ThemeProvider/ThemeProvider.test.ts" name="ThemeProvider &gt; Persistence &gt; loads theme mode from localStorage on mount" time="0.001599666">
        </testcase>
        <testcase classname="src/molecules/ThemeProvider/ThemeProvider.test.ts" name="ThemeProvider &gt; Persistence &gt; does not persist when persistMode is false" time="0.001200417">
        </testcase>
        <testcase classname="src/molecules/ThemeProvider/ThemeProvider.test.ts" name="ThemeProvider &gt; Custom Themes &gt; merges custom theme with base theme" time="0.004742834">
        </testcase>
        <testcase classname="src/molecules/ThemeProvider/ThemeProvider.test.ts" name="ThemeProvider &gt; DOM Styles Application &gt; applies CSS custom properties to document root" time="0.032891958">
            <failure message="expected &apos;dark&apos; to be &apos;light&apos; // Object.is equality" type="AssertionError">
AssertionError: expected &apos;dark&apos; to be &apos;light&apos; // Object.is equality

Expected: &quot;light&quot;
Received: &quot;dark&quot;

 ❯ src/molecules/ThemeProvider/ThemeProvider.test.ts:350:47
            </failure>
        </testcase>
        <testcase classname="src/molecules/ThemeProvider/ThemeProvider.test.ts" name="ThemeProvider &gt; DOM Styles Application &gt; updates DOM styles when theme changes" time="0.035627167">
            <failure message="expected &apos;dark&apos; to be &apos;light&apos; // Object.is equality" type="AssertionError">
AssertionError: expected &apos;dark&apos; to be &apos;light&apos; // Object.is equality

Expected: &quot;light&quot;
Received: &quot;dark&quot;

 ❯ src/molecules/ThemeProvider/ThemeProvider.test.ts:379:47
            </failure>
        </testcase>
        <testcase classname="src/molecules/ThemeProvider/ThemeProvider.test.ts" name="ThemeProvider &gt; System Theme Detection &gt; listens to system theme changes when in auto mode" time="0.001608083">
        </testcase>
        <testcase classname="src/molecules/ThemeProvider/ThemeProvider.test.ts" name="ThemeProvider &gt; Error Handling &gt; handles localStorage errors gracefully" time="0.000736125">
        </testcase>
        <testcase classname="src/molecules/ThemeProvider/ThemeProvider.test.ts" name="ThemeProvider &gt; Error Handling &gt; handles invalid stored theme mode" time="0.000641834">
        </testcase>
    </testsuite>
</testsuites>
