<?xml version="1.0" encoding="UTF-8" ?>
<testsuites name="vitest tests" tests="77" failures="16" errors="0" time="1.675906583">
    <testsuite name="src/molecules/ThemeProvider/ThemeProvider.test.ts" timestamp="2025-09-24T13:08:27.560Z" hostname="MacBook-Pro-tilhrende-Allan.local" tests="18" failures="3" errors="0" skipped="0" time="0.384394584">
        <testcase classname="src/molecules/ThemeProvider/ThemeProvider.test.ts" name="ThemeProvider &gt; Component Rendering &gt; renders with default props" time="0.031832834">
        </testcase>
        <testcase classname="src/molecules/ThemeProvider/ThemeProvider.test.ts" name="ThemeProvider &gt; Component Rendering &gt; applies correct CSS classes based on props" time="0.003086834">
        </testcase>
        <testcase classname="src/molecules/ThemeProvider/ThemeProvider.test.ts" name="ThemeProvider &gt; Component Rendering &gt; sets data-theme attribute" time="0.008728125">
        </testcase>
        <testcase classname="src/molecules/ThemeProvider/ThemeProvider.test.ts" name="ThemeProvider &gt; Theme Context &gt; provides theme context to child components" time="0.039752041">
        </testcase>
        <testcase classname="src/molecules/ThemeProvider/ThemeProvider.test.ts" name="ThemeProvider &gt; Theme Context &gt; updates theme context when mode changes" time="0.047677125">
            <failure message="expected &apos;light&apos; to be &apos;dark&apos; // Object.is equality" type="AssertionError">
AssertionError: expected &apos;light&apos; to be &apos;dark&apos; // Object.is equality

Expected: &quot;dark&quot;
Received: &quot;light&quot;

 ❯ src/molecules/ThemeProvider/ThemeProvider.test.ts:152:65
            </failure>
        </testcase>
        <testcase classname="src/molecules/ThemeProvider/ThemeProvider.test.ts" name="ThemeProvider &gt; Theme Context &gt; throws error when useTheme is called outside ThemeProvider" time="0.004005583">
            <system-err>
[Vue warn]: injection &quot;Symbol(haspen-ui-theme)&quot; not found. 
  at &lt;Anonymous ref=&quot;VTU_COMPONENT&quot; &gt; 
  at &lt;VTUROOT&gt;
[Vue warn]: Property &quot;mode&quot; was accessed during render but is not defined on instance. 
  at &lt;Anonymous ref=&quot;VTU_COMPONENT&quot; &gt; 
  at &lt;VTUROOT&gt;
[Vue warn]: Property &quot;isDark&quot; was accessed during render but is not defined on instance. 
  at &lt;Anonymous ref=&quot;VTU_COMPONENT&quot; &gt; 
  at &lt;VTUROOT&gt;
[Vue warn]: Property &quot;isLight&quot; was accessed during render but is not defined on instance. 
  at &lt;Anonymous ref=&quot;VTU_COMPONENT&quot; &gt; 
  at &lt;VTUROOT&gt;
[Vue warn]: Property &quot;theme&quot; was accessed during render but is not defined on instance. 
  at &lt;Anonymous ref=&quot;VTU_COMPONENT&quot; &gt; 
  at &lt;VTUROOT&gt;

            </system-err>
        </testcase>
        <testcase classname="src/molecules/ThemeProvider/ThemeProvider.test.ts" name="ThemeProvider &gt; Theme Mode Management &gt; allows setting theme mode via context" time="0.0109975">
        </testcase>
        <testcase classname="src/molecules/ThemeProvider/ThemeProvider.test.ts" name="ThemeProvider &gt; Theme Mode Management &gt; toggles between light and dark modes" time="0.009984417">
        </testcase>
        <testcase classname="src/molecules/ThemeProvider/ThemeProvider.test.ts" name="ThemeProvider &gt; Theme Mode Management &gt; handles auto mode with system preference" time="0.044269167">
        </testcase>
        <testcase classname="src/molecules/ThemeProvider/ThemeProvider.test.ts" name="ThemeProvider &gt; Persistence &gt; saves theme mode to localStorage when persistMode is true" time="0.011830125">
        </testcase>
        <testcase classname="src/molecules/ThemeProvider/ThemeProvider.test.ts" name="ThemeProvider &gt; Persistence &gt; loads theme mode from localStorage on mount" time="0.060938084">
        </testcase>
        <testcase classname="src/molecules/ThemeProvider/ThemeProvider.test.ts" name="ThemeProvider &gt; Persistence &gt; does not persist when persistMode is false" time="0.039565083">
        </testcase>
        <testcase classname="src/molecules/ThemeProvider/ThemeProvider.test.ts" name="ThemeProvider &gt; Custom Themes &gt; merges custom theme with base theme" time="0.01203175">
        </testcase>
        <testcase classname="src/molecules/ThemeProvider/ThemeProvider.test.ts" name="ThemeProvider &gt; DOM Styles Application &gt; applies CSS custom properties to document root" time="0.016057542">
            <failure message="expected &apos;#1976d2&apos; to be &apos;#0059b3&apos; // Object.is equality" type="AssertionError">
AssertionError: expected &apos;#1976d2&apos; to be &apos;#0059b3&apos; // Object.is equality

Expected: &quot;#0059b3&quot;
Received: &quot;#1976d2&quot;

 ❯ src/molecules/ThemeProvider/ThemeProvider.test.ts:335:69
            </failure>
        </testcase>
        <testcase classname="src/molecules/ThemeProvider/ThemeProvider.test.ts" name="ThemeProvider &gt; DOM Styles Application &gt; updates DOM styles when theme changes" time="0.017805459">
            <failure message="expected &apos;#121212&apos; to be &apos;#ffffff&apos; // Object.is equality" type="AssertionError">
AssertionError: expected &apos;#121212&apos; to be &apos;#ffffff&apos; // Object.is equality

Expected: &quot;#ffffff&quot;
Received: &quot;#121212&quot;

 ❯ src/molecules/ThemeProvider/ThemeProvider.test.ts:354:72
            </failure>
        </testcase>
        <testcase classname="src/molecules/ThemeProvider/ThemeProvider.test.ts" name="ThemeProvider &gt; System Theme Detection &gt; listens to system theme changes when in auto mode" time="0.007194">
        </testcase>
        <testcase classname="src/molecules/ThemeProvider/ThemeProvider.test.ts" name="ThemeProvider &gt; Error Handling &gt; handles localStorage errors gracefully" time="0.013595667">
        </testcase>
        <testcase classname="src/molecules/ThemeProvider/ThemeProvider.test.ts" name="ThemeProvider &gt; Error Handling &gt; handles invalid stored theme mode" time="0.001744042">
        </testcase>
    </testsuite>
    <testsuite name="src/atoms/Icon/Icon.test.ts" timestamp="2025-09-24T13:08:27.576Z" hostname="MacBook-Pro-tilhrende-Allan.local" tests="15" failures="13" errors="0" skipped="0" time="0.219142458">
        <testcase classname="src/atoms/Icon/Icon.test.ts" name="Icon &gt; Accessibility &gt; meets WCAG 2.1 AA accessibility standards" time="0.147965041">
            <system-err>
Icon &quot;test-icon&quot; not found in custom library

Error: Not implemented: HTMLCanvasElement.prototype.getContext (without installing the canvas npm package)
    at module.exports (/Users/allan/repos/projects/haspen-ui/node_modules/jsdom/lib/jsdom/browser/not-implemented.js:9:17)
    at HTMLCanvasElementImpl.getContext (/Users/allan/repos/projects/haspen-ui/node_modules/jsdom/lib/jsdom/living/nodes/HTMLCanvasElement-impl.js:42:5)
    at HTMLCanvasElement.getContext (/Users/allan/repos/projects/haspen-ui/node_modules/jsdom/lib/jsdom/living/generated/HTMLCanvasElement.js:131:58)
    at /Users/allan/repos/projects/haspen-ui/node_modules/axe-core/axe.js:13406:49
    at Object.get (/Users/allan/repos/projects/haspen-ui/node_modules/axe-core/axe.js:7722:23)
    at _isIconLigature (/Users/allan/repos/projects/haspen-ui/node_modules/axe-core/axe.js:13405:41)
    at /Users/allan/repos/projects/haspen-ui/node_modules/axe-core/axe.js:27328:54
    at Array.some (&lt;anonymous&gt;)
    at hasRealTextChildren (/Users/allan/repos/projects/haspen-ui/node_modules/axe-core/axe.js:27327:35)
    at Rule.colorContrastMatches [as matches] (/Users/allan/repos/projects/haspen-ui/node_modules/axe-core/axe.js:27292:12) [90mundefined[39m

            </system-err>
        </testcase>
        <testcase classname="src/atoms/Icon/Icon.test.ts" name="Icon &gt; Accessibility &gt; has proper ARIA attributes by default" time="0.01066625">
            <system-err>
Icon &quot;test-icon&quot; not found in custom library

            </system-err>
            <failure message="Cannot call props on an empty VueWrapper." type="Error">
Error: Cannot call props on an empty VueWrapper.
 ❯ Object.get ../../node_modules/@vue/test-utils/dist/vue-test-utils.cjs.js:1574:27
 ❯ src/atoms/Icon/Icon.test.ts:64:19
            </failure>
        </testcase>
        <testcase classname="src/atoms/Icon/Icon.test.ts" name="Icon &gt; Accessibility &gt; supports semantic icons with aria-label" time="0.002202583">
            <system-err>
Icon &quot;test-icon&quot; not found in custom library

            </system-err>
            <failure message="Cannot call props on an empty VueWrapper." type="Error">
Error: Cannot call props on an empty VueWrapper.
 ❯ Object.get ../../node_modules/@vue/test-utils/dist/vue-test-utils.cjs.js:1574:27
 ❯ src/atoms/Icon/Icon.test.ts:84:19
            </failure>
        </testcase>
        <testcase classname="src/atoms/Icon/Icon.test.ts" name="Icon &gt; Custom Icons &gt; renders custom icons from provider" time="0.0151275">
            <system-err>
Icon &quot;test-icon&quot; not found in custom library

            </system-err>
            <failure message="expected false to be true // Object.is equality" type="AssertionError">
AssertionError: expected false to be true // Object.is equality

- Expected
+ Received

- true
+ false

 ❯ src/atoms/Icon/Icon.test.ts:107:29
            </failure>
        </testcase>
        <testcase classname="src/atoms/Icon/Icon.test.ts" name="Icon &gt; Custom Icons &gt; renders built-in icons" time="0.015038209">
            <system-err>
Icon &quot;sun&quot; not found in custom library

            </system-err>
            <failure message="expected &apos;[object Object]&apos; to contain &apos;sun-icon&apos;" type="AssertionError">
AssertionError: expected &apos;[object Object]&apos; to contain &apos;sun-icon&apos;

Expected: &quot;sun-icon&quot;
Received: &quot;[object Object]&quot;

 ❯ src/atoms/Icon/Icon.test.ts:128:30
            </failure>
        </testcase>
        <testcase classname="src/atoms/Icon/Icon.test.ts" name="Icon &gt; Custom Icons &gt; warns when icon not found" time="0.002482084">
            <failure message="vi is not defined" type="ReferenceError">
ReferenceError: vi is not defined
 ❯ src/atoms/Icon/Icon.test.ts:132:26
            </failure>
        </testcase>
        <testcase classname="src/atoms/Icon/Icon.test.ts" name="Icon &gt; Provider Integration &gt; uses configuration from provider" time="0.003961083">
            <system-err>
Icon &quot;test-icon&quot; not found in custom library

            </system-err>
            <failure message="Cannot call classes on an empty VueWrapper." type="Error">
Error: Cannot call classes on an empty VueWrapper.
 ❯ Object.get ../../node_modules/@vue/test-utils/dist/vue-test-utils.cjs.js:1574:27
 ❯ src/atoms/Icon/Icon.test.ts:174:26
            </failure>
        </testcase>
        <testcase classname="src/atoms/Icon/Icon.test.ts" name="Icon &gt; Provider Integration &gt; allows library override per icon" time="0.004285709">
            <system-err>
Icon &quot;custom-icon&quot; not found in custom library

            </system-err>
            <failure message="expected false to be true // Object.is equality" type="AssertionError">
AssertionError: expected false to be true // Object.is equality

- Expected
+ Received

- true
+ false

 ❯ src/atoms/Icon/Icon.test.ts:195:29
            </failure>
        </testcase>
        <testcase classname="src/atoms/Icon/Icon.test.ts" name="Icon &gt; Provider Integration &gt; works without provider (uses defaults)" time="0.000961708">
            <system-err>
Icon &quot;test&quot; not found in custom library

            </system-err>
        </testcase>
        <testcase classname="src/atoms/Icon/Icon.test.ts" name="Icon &gt; CSS Classes &gt; applies base icon classes" time="0.00107825">
            <system-err>
Icon &quot;test-icon&quot; not found in custom library

            </system-err>
            <failure message="Cannot call classes on an empty VueWrapper." type="Error">
Error: Cannot call classes on an empty VueWrapper.
 ❯ Object.get ../../node_modules/@vue/test-utils/dist/vue-test-utils.cjs.js:1574:27
 ❯ src/atoms/Icon/Icon.test.ts:225:26
            </failure>
        </testcase>
        <testcase classname="src/atoms/Icon/Icon.test.ts" name="Icon &gt; CSS Classes &gt; applies prefix classes when configured" time="0.004180375">
            <system-err>
Icon &quot;test-icon&quot; not found in custom library

            </system-err>
            <failure message="Cannot call classes on an empty VueWrapper." type="Error">
Error: Cannot call classes on an empty VueWrapper.
 ❯ Object.get ../../node_modules/@vue/test-utils/dist/vue-test-utils.cjs.js:1574:27
 ❯ src/atoms/Icon/Icon.test.ts:245:26
            </failure>
        </testcase>
        <testcase classname="src/atoms/Icon/Icon.test.ts" name="Icon &gt; CSS Classes &gt; applies library-specific classes" time="0.002733625">
            <system-err>
Icon &quot;sun&quot; not found in custom library

            </system-err>
            <failure message="Cannot call classes on an empty VueWrapper." type="Error">
Error: Cannot call classes on an empty VueWrapper.
 ❯ Object.get ../../node_modules/@vue/test-utils/dist/vue-test-utils.cjs.js:1574:27
 ❯ src/atoms/Icon/Icon.test.ts:263:26
            </failure>
        </testcase>
        <testcase classname="src/atoms/Icon/Icon.test.ts" name="Icon &gt; Props &gt; passes through size prop" time="0.004608">
            <system-err>
Icon &quot;test-icon&quot; not found in custom library

            </system-err>
            <failure message="Cannot call props on an empty VueWrapper." type="Error">
Error: Cannot call props on an empty VueWrapper.
 ❯ Object.get ../../node_modules/@vue/test-utils/dist/vue-test-utils.cjs.js:1574:27
 ❯ src/atoms/Icon/Icon.test.ts:284:19
            </failure>
        </testcase>
        <testcase classname="src/atoms/Icon/Icon.test.ts" name="Icon &gt; Props &gt; uses default size when not specified" time="0.001026541">
            <system-err>
Icon &quot;test-icon&quot; not found in custom library

            </system-err>
            <failure message="Cannot call props on an empty VueWrapper." type="Error">
Error: Cannot call props on an empty VueWrapper.
 ❯ Object.get ../../node_modules/@vue/test-utils/dist/vue-test-utils.cjs.js:1574:27
 ❯ src/atoms/Icon/Icon.test.ts:302:19
            </failure>
        </testcase>
        <testcase classname="src/atoms/Icon/Icon.test.ts" name="Icon &gt; Props &gt; passes through accessibility props" time="0.000566041">
            <system-err>
Icon &quot;test-icon&quot; not found in custom library

            </system-err>
            <failure message="Cannot call props on an empty VueWrapper." type="Error">
Error: Cannot call props on an empty VueWrapper.
 ❯ Object.get ../../node_modules/@vue/test-utils/dist/vue-test-utils.cjs.js:1574:27
 ❯ src/atoms/Icon/Icon.test.ts:322:19
            </failure>
        </testcase>
    </testsuite>
    <testsuite name="src/atoms/Button/Button.test.ts" timestamp="2025-09-24T13:08:27.600Z" hostname="MacBook-Pro-tilhrende-Allan.local" tests="16" failures="0" errors="0" skipped="0" time="0.284955541">
        <testcase classname="src/atoms/Button/Button.test.ts" name="Button &gt; Accessibility &gt; meets WCAG 2.1 AA accessibility standards" time="0.2198885">
            <system-err>
Error: Not implemented: HTMLCanvasElement.prototype.getContext (without installing the canvas npm package)
    at module.exports (/Users/allan/repos/projects/haspen-ui/node_modules/jsdom/lib/jsdom/browser/not-implemented.js:9:17)
    at HTMLCanvasElementImpl.getContext (/Users/allan/repos/projects/haspen-ui/node_modules/jsdom/lib/jsdom/living/nodes/HTMLCanvasElement-impl.js:42:5)
    at HTMLCanvasElement.getContext (/Users/allan/repos/projects/haspen-ui/node_modules/jsdom/lib/jsdom/living/generated/HTMLCanvasElement.js:131:58)
    at /Users/allan/repos/projects/haspen-ui/node_modules/axe-core/axe.js:13406:49
    at Object.get (/Users/allan/repos/projects/haspen-ui/node_modules/axe-core/axe.js:7722:23)
    at _isIconLigature (/Users/allan/repos/projects/haspen-ui/node_modules/axe-core/axe.js:13405:41)
    at /Users/allan/repos/projects/haspen-ui/node_modules/axe-core/axe.js:27328:54
    at Array.some (&lt;anonymous&gt;)
    at hasRealTextChildren (/Users/allan/repos/projects/haspen-ui/node_modules/axe-core/axe.js:27327:35)
    at Rule.colorContrastMatches [as matches] (/Users/allan/repos/projects/haspen-ui/node_modules/axe-core/axe.js:27292:12) [90mundefined[39m

            </system-err>
        </testcase>
        <testcase classname="src/atoms/Button/Button.test.ts" name="Button &gt; Accessibility &gt; has proper button semantics" time="0.006830084">
        </testcase>
        <testcase classname="src/atoms/Button/Button.test.ts" name="Button &gt; Accessibility &gt; supports keyboard navigation" time="0.003148666">
        </testcase>
        <testcase classname="src/atoms/Button/Button.test.ts" name="Button &gt; Accessibility &gt; maintains focus visibility" time="0.003334333">
        </testcase>
        <testcase classname="src/atoms/Button/Button.test.ts" name="Button &gt; Accessibility &gt; provides appropriate disabled state" time="0.004294458">
        </testcase>
        <testcase classname="src/atoms/Button/Button.test.ts" name="Button &gt; Accessibility &gt; provides appropriate loading state for screen readers" time="0.005739667">
        </testcase>
        <testcase classname="src/atoms/Button/Button.test.ts" name="Button &gt; Accessibility &gt; maintains accessible text content" time="0.007117042">
        </testcase>
        <testcase classname="src/atoms/Button/Button.test.ts" name="Button &gt; Accessibility &gt; respects reduced motion preferences" time="0.002074">
        </testcase>
        <testcase classname="src/atoms/Button/Button.test.ts" name="Button &gt; Component Functionality &gt; renders properly" time="0.001326916">
        </testcase>
        <testcase classname="src/atoms/Button/Button.test.ts" name="Button &gt; Component Functionality &gt; applies variant class" time="0.006019666">
        </testcase>
        <testcase classname="src/atoms/Button/Button.test.ts" name="Button &gt; Component Functionality &gt; applies size class" time="0.000959666">
        </testcase>
        <testcase classname="src/atoms/Button/Button.test.ts" name="Button &gt; Component Functionality &gt; shows loader when loading" time="0.003447292">
        </testcase>
        <testcase classname="src/atoms/Button/Button.test.ts" name="Button &gt; Component Functionality &gt; is disabled when disabled prop is true" time="0.000735708">
        </testcase>
        <testcase classname="src/atoms/Button/Button.test.ts" name="Button &gt; Component Functionality &gt; emits click events when enabled" time="0.010265667">
        </testcase>
        <testcase classname="src/atoms/Button/Button.test.ts" name="Button &gt; Component Functionality &gt; does not emit click events when disabled" time="0.002436125">
        </testcase>
        <testcase classname="src/atoms/Button/Button.test.ts" name="Button &gt; Component Functionality &gt; does not emit click events when loading" time="0.00065775">
        </testcase>
    </testsuite>
    <testsuite name="src/atoms/ThemeToggle/ThemeToggle.test.ts" timestamp="2025-09-24T13:08:27.606Z" hostname="MacBook-Pro-tilhrende-Allan.local" tests="28" failures="0" errors="0" skipped="0" time="0.787414">
        <testcase classname="src/atoms/ThemeToggle/ThemeToggle.test.ts" name="ThemeToggle &gt; Rendering &gt; renders with default props" time="0.0268435">
        </testcase>
        <testcase classname="src/atoms/ThemeToggle/ThemeToggle.test.ts" name="ThemeToggle &gt; Rendering &gt; renders with custom variant and size" time="0.003426208">
        </testcase>
        <testcase classname="src/atoms/ThemeToggle/ThemeToggle.test.ts" name="ThemeToggle &gt; Rendering &gt; renders with label when showLabel is true" time="0.002251416">
        </testcase>
        <testcase classname="src/atoms/ThemeToggle/ThemeToggle.test.ts" name="ThemeToggle &gt; Rendering &gt; renders custom labels" time="0.001817166">
        </testcase>
        <testcase classname="src/atoms/ThemeToggle/ThemeToggle.test.ts" name="ThemeToggle &gt; Rendering &gt; shows dark label when theme is dark" time="0.008143042">
        </testcase>
        <testcase classname="src/atoms/ThemeToggle/ThemeToggle.test.ts" name="ThemeToggle &gt; States &gt; applies disabled class when disabled" time="0.02225975">
        </testcase>
        <testcase classname="src/atoms/ThemeToggle/ThemeToggle.test.ts" name="ThemeToggle &gt; States &gt; applies loading class when loading" time="0.004238666">
        </testcase>
        <testcase classname="src/atoms/ThemeToggle/ThemeToggle.test.ts" name="ThemeToggle &gt; Accessibility &gt; meets WCAG 2.1 AA accessibility standards" time="0.142329209">
        </testcase>
        <testcase classname="src/atoms/ThemeToggle/ThemeToggle.test.ts" name="ThemeToggle &gt; Accessibility &gt; has proper ARIA attributes" time="0.004619667">
        </testcase>
        <testcase classname="src/atoms/ThemeToggle/ThemeToggle.test.ts" name="ThemeToggle &gt; Accessibility &gt; updates aria-pressed based on theme state" time="0.005844042">
        </testcase>
        <testcase classname="src/atoms/ThemeToggle/ThemeToggle.test.ts" name="ThemeToggle &gt; Accessibility &gt; uses custom aria label" time="0.02075875">
        </testcase>
        <testcase classname="src/atoms/ThemeToggle/ThemeToggle.test.ts" name="ThemeToggle &gt; Accessibility &gt; updates aria label based on current mode" time="0.01271825">
        </testcase>
        <testcase classname="src/atoms/ThemeToggle/ThemeToggle.test.ts" name="ThemeToggle &gt; Accessibility &gt; supports keyboard navigation" time="0.011061292">
        </testcase>
        <testcase classname="src/atoms/ThemeToggle/ThemeToggle.test.ts" name="ThemeToggle &gt; Accessibility &gt; maintains focus management during state changes" time="0.005111875">
        </testcase>
        <testcase classname="src/atoms/ThemeToggle/ThemeToggle.test.ts" name="ThemeToggle &gt; Accessibility &gt; provides clear state indication for screen readers" time="0.008790625">
        </testcase>
        <testcase classname="src/atoms/ThemeToggle/ThemeToggle.test.ts" name="ThemeToggle &gt; Accessibility &gt; respects reduced motion preferences" time="0.004585375">
        </testcase>
        <testcase classname="src/atoms/ThemeToggle/ThemeToggle.test.ts" name="ThemeToggle &gt; Accessibility &gt; supports high contrast mode" time="0.000913541">
        </testcase>
        <testcase classname="src/atoms/ThemeToggle/ThemeToggle.test.ts" name="ThemeToggle &gt; Accessibility &gt; maintains accessibility when disabled" time="0.000787167">
        </testcase>
        <testcase classname="src/atoms/ThemeToggle/ThemeToggle.test.ts" name="ThemeToggle &gt; Accessibility &gt; maintains accessibility during loading state" time="0.002309167">
        </testcase>
        <testcase classname="src/atoms/ThemeToggle/ThemeToggle.test.ts" name="ThemeToggle &gt; Theme Integration &gt; does not call toggleMode when disabled" time="0.001829792">
        </testcase>
        <testcase classname="src/atoms/ThemeToggle/ThemeToggle.test.ts" name="ThemeToggle &gt; Theme Integration &gt; has loading state when clicked" time="0.005579166">
        </testcase>
        <testcase classname="src/atoms/ThemeToggle/ThemeToggle.test.ts" name="ThemeToggle &gt; Events &gt; emits toggle event with current state" time="0.20885975">
        </testcase>
        <testcase classname="src/atoms/ThemeToggle/ThemeToggle.test.ts" name="ThemeToggle &gt; Events &gt; emits change event with mode" time="0.2062755">
        </testcase>
        <testcase classname="src/atoms/ThemeToggle/ThemeToggle.test.ts" name="ThemeToggle &gt; Icons &gt; shows sun icon in light mode" time="0.002252542">
        </testcase>
        <testcase classname="src/atoms/ThemeToggle/ThemeToggle.test.ts" name="ThemeToggle &gt; Icons &gt; shows moon icon in dark mode" time="0.01357075">
        </testcase>
        <testcase classname="src/atoms/ThemeToggle/ThemeToggle.test.ts" name="ThemeToggle &gt; Thumb Position &gt; positions thumb correctly for light mode" time="0.009951667">
        </testcase>
        <testcase classname="src/atoms/ThemeToggle/ThemeToggle.test.ts" name="ThemeToggle &gt; Thumb Position &gt; positions thumb correctly for dark mode" time="0.019902459">
        </testcase>
        <testcase classname="src/atoms/ThemeToggle/ThemeToggle.test.ts" name="ThemeToggle &gt; Thumb Position &gt; adjusts thumb position for different sizes" time="0.027651542">
        </testcase>
    </testsuite>
</testsuites>
